<?xml version="1.0" encoding="UTF-8"?>
<Site BuildName="(empty)"
	BuildStamp="20240228-2247-Experimental"
	Name="astirl-ThinkPad-X390"
	Generator="ctest-3.16.3"
	CompilerName="/usr/bin/c++"
	CompilerVersion="9.4.0"
	OSName="Linux"
	Hostname="astirl-ThinkPad-X390"
	OSRelease="5.15.0-94-generic"
	OSVersion="#104~20.04.1-Ubuntu SMP Tue Jan 16 13:34:09 UTC 2024"
	OSPlatform="x86_64"
	Is64Bits="1"
	VendorString="GenuineIntel"
	VendorID="Intel Corporation"
	FamilyID="6"
	ModelID="142"
	ProcessorCacheSize="6144"
	NumberOfLogicalCPU="8"
	NumberOfPhysicalCPU="4"
	TotalVirtualMemory="2047"
	TotalPhysicalMemory="7622"
	LogicalProcessorsPerPhysical="2"
	ProcessorClockFrequency="3497.95"
	>
	<Testing>
		<StartDateTime>Feb 28 17:47 EST</StartDateTime>
		<StartTestTime>1709160453</StartTestTime>
		<TestList/>
		<EndDateTime>Feb 28 17:47 EST</EndDateTime>
		<EndTestTime>1709160453</EndTestTime>
		<ElapsedMinutes>0</ElapsedMinutes>
	</Testing>
</Site>
